<?xml version="1.0" encoding="UTF-8"?>
<!-- Generated by org.testng.reporters.JUnitReportReporter -->
<testsuite hostname="DESKTOP-JQPL294" failures="0" tests="2" name="Maven_Test.Maven_Test.GroupingExample" time="0.029" errors="0" timestamp="2024-08-07T15:39:50 IST" skipped="0">
  <testcase classname="Maven_Test.Maven_Test.GroupingExample" name="LogOut" time="0.023"/>
  <testcase classname="Maven_Test.Maven_Test.GroupingExample" name="Login" time="0.006"/>
</testsuite> <!-- Maven_Test.Maven_Test.GroupingExample -->
