<?xml version="1.0" encoding="UTF-8"?>
<!-- Generated by org.testng.reporters.JUnitReportReporter -->
<testsuite hostname="DESKTOP-JQPL294" failures="0" tests="4" name="Maven_Test.Maven_Test.Prioritize" time="0.089" errors="0" timestamp="2024-08-07T15:59:47 IST" skipped="0">
  <testcase classname="Maven_Test.Maven_Test.Prioritize" name="Login" time="0.027"/>
  <testcase classname="Maven_Test.Maven_Test.Prioritize" name="HomePage" time="0.004"/>
  <testcase classname="Maven_Test.Maven_Test.Prioritize" name="SearchData" time="0.008"/>
  <testcase classname="Maven_Test.Maven_Test.Prioritize" name="Logout" time="0.050"/>
</testsuite> <!-- Maven_Test.Maven_Test.Prioritize -->
