<?xml version="1.0" encoding="UTF-8"?>
<!-- Generated by org.testng.reporters.JUnitReportReporter -->
<testsuite hostname="DESKTOP-JQPL294" failures="0" tests="2" name="Maven_Test.Maven_Test.DependencyExample" time="0.029" errors="0" timestamp="2024-07-23T10:25:38 IST" skipped="0">
  <testcase classname="Maven_Test.Maven_Test.DependencyExample" name="TestOne" time="0.006"/>
  <testcase classname="Maven_Test.Maven_Test.DependencyExample" name="TestTwo" time="0.023"/>
</testsuite> <!-- Maven_Test.Maven_Test.DependencyExample -->
