<?xml version="1.0" encoding="UTF-8"?>
<!-- Generated by org.testng.reporters.JUnitReportReporter -->
<testsuite hostname="DESKTOP-JQPL294" failures="0" tests="1" name="MavenForJenkins.UITest" time="17.663" errors="0" timestamp="2024-10-10T13:07:44 IST" skipped="0">
  <testcase classname="MavenForJenkins.UITest" name="openBrowser" time="17.663"/>
</testsuite> <!-- MavenForJenkins.UITest -->
