<?xml version="1.0" encoding="UTF-8"?>
<!-- Generated by org.testng.reporters.JUnitReportReporter -->
<testsuite hostname="DESKTOP-JQPL294" failures="0" tests="1" name="MavenForJenkins.UITest" time="21.536" errors="0" timestamp="2024-10-10T13:58:20 IST" skipped="0">
  <testcase classname="MavenForJenkins.UITest" name="openBrowser" time="21.536"/>
</testsuite> <!-- MavenForJenkins.UITest -->
